2026-04-26 15:44:18.3393|INFO|API.Program|Skipping automatic database migration and seeding at startup. Use --migrate or RUN_MIGRATIONS=true to enable.
2026-04-26 15:44:18.6224|INFO|Microsoft.Hosting.Lifetime|Now listening on: https://localhost:5001
2026-04-26 15:44:18.6224|INFO|Microsoft.Hosting.Lifetime|Now listening on: https://localhost:5001
2026-04-26 15:44:18.6224|INFO|Microsoft.Hosting.Lifetime|Now listening on: http://localhost:5000
2026-04-26 15:44:18.6224|INFO|Microsoft.Hosting.Lifetime|Now listening on: http://localhost:5000
2026-04-26 15:44:18.6224|INFO|Microsoft.Hosting.Lifetime|Application started. Press Ctrl+C to shut down.
2026-04-26 15:44:18.6224|INFO|Microsoft.Hosting.Lifetime|Application started. Press Ctrl+C to shut down.
2026-04-26 15:44:18.6448|INFO|Microsoft.Hosting.Lifetime|Hosting environment: Development
2026-04-26 15:44:18.6448|INFO|Microsoft.Hosting.Lifetime|Hosting environment: Development
2026-04-26 15:44:18.6448|INFO|Microsoft.Hosting.Lifetime|Content root path: C:\eCOM-AI\eCOM-AI\api
2026-04-26 15:44:18.6448|INFO|Microsoft.Hosting.Lifetime|Content root path: C:\eCOM-AI\eCOM-AI\api
2026-04-26 15:46:09.5596|INFO|Microsoft.EntityFrameworkCore.Infrastructure|Entity Framework Core 5.0.3 initialized 'AppIdentityDbContext' using provider 'Npgsql.EntityFrameworkCore.PostgreSQL' with options: None
2026-04-26 15:46:09.5596|INFO|Microsoft.EntityFrameworkCore.Infrastructure|Entity Framework Core 5.0.3 initialized 'AppIdentityDbContext' using provider 'Npgsql.EntityFrameworkCore.PostgreSQL' with options: None
2026-04-26 15:46:10.2697|INFO|Microsoft.EntityFrameworkCore.Database.Command|Executed DbCommand (11ms) [Parameters=[@__email_0='?'], CommandType='Text', CommandTimeout='30']
SELECT a."Id", a."AccessFailedCount", a."ConcurrencyStamp", a."DisplayName", a."Email", a."EmailConfirmed", a."LockoutEnabled", a."LockoutEnd", a."NormalizedEmail", a."NormalizedUserName", a."PasswordHash", a."PhoneNumber", a."PhoneNumberConfirmed", a."SecurityStamp", a."TwoFactorEnabled", a."UserName"
FROM "AspNetUsers" AS a
WHERE a."Email" = @__email_0
LIMIT 2
2026-04-26 15:46:10.2697|INFO|Microsoft.EntityFrameworkCore.Database.Command|Executed DbCommand (11ms) [Parameters=[@__email_0='?'], CommandType='Text', CommandTimeout='30']
SELECT a."Id", a."AccessFailedCount", a."ConcurrencyStamp", a."DisplayName", a."Email", a."EmailConfirmed", a."LockoutEnabled", a."LockoutEnd", a."NormalizedEmail", a."NormalizedUserName", a."PasswordHash", a."PhoneNumber", a."PhoneNumberConfirmed", a."SecurityStamp", a."TwoFactorEnabled", a."UserName"
FROM "AspNetUsers" AS a
WHERE a."Email" = @__email_0
LIMIT 2
2026-04-26 15:46:10.4524|INFO|Microsoft.EntityFrameworkCore.Infrastructure|Entity Framework Core 5.0.3 initialized 'AppIdentityDbContext' using provider 'Npgsql.EntityFrameworkCore.PostgreSQL' with options: None
2026-04-26 15:46:10.4524|INFO|Microsoft.EntityFrameworkCore.Infrastructure|Entity Framework Core 5.0.3 initialized 'AppIdentityDbContext' using provider 'Npgsql.EntityFrameworkCore.PostgreSQL' with options: None
2026-04-26 15:46:10.4524|INFO|Microsoft.EntityFrameworkCore.Database.Command|Executed DbCommand (2ms) [Parameters=[@__email_0='?'], CommandType='Text', CommandTimeout='30']
SELECT a."Id", a."AccessFailedCount", a."ConcurrencyStamp", a."DisplayName", a."Email", a."EmailConfirmed", a."LockoutEnabled", a."LockoutEnd", a."NormalizedEmail", a."NormalizedUserName", a."PasswordHash", a."PhoneNumber", a."PhoneNumberConfirmed", a."SecurityStamp", a."TwoFactorEnabled", a."UserName"
FROM "AspNetUsers" AS a
WHERE a."Email" = @__email_0
LIMIT 2
2026-04-26 15:46:10.4524|INFO|Microsoft.EntityFrameworkCore.Database.Command|Executed DbCommand (2ms) [Parameters=[@__email_0='?'], CommandType='Text', CommandTimeout='30']
SELECT a."Id", a."AccessFailedCount", a."ConcurrencyStamp", a."DisplayName", a."Email", a."EmailConfirmed", a."LockoutEnabled", a."LockoutEnd", a."NormalizedEmail", a."NormalizedUserName", a."PasswordHash", a."PhoneNumber", a."PhoneNumberConfirmed", a."SecurityStamp", a."TwoFactorEnabled", a."UserName"
FROM "AspNetUsers" AS a
WHERE a."Email" = @__email_0
LIMIT 2
2026-04-26 15:47:37.0923|INFO|Microsoft.EntityFrameworkCore.Infrastructure|Entity Framework Core 5.0.3 initialized 'AppIdentityDbContext' using provider 'Npgsql.EntityFrameworkCore.PostgreSQL' with options: None
2026-04-26 15:47:37.0923|INFO|Microsoft.EntityFrameworkCore.Infrastructure|Entity Framework Core 5.0.3 initialized 'AppIdentityDbContext' using provider 'Npgsql.EntityFrameworkCore.PostgreSQL' with options: None
2026-04-26 15:47:37.1002|INFO|Microsoft.EntityFrameworkCore.Database.Command|Executed DbCommand (3ms) [Parameters=[@__email_0='?'], CommandType='Text', CommandTimeout='30']
SELECT a."Id", a."AccessFailedCount", a."ConcurrencyStamp", a."DisplayName", a."Email", a."EmailConfirmed", a."LockoutEnabled", a."LockoutEnd", a."NormalizedEmail", a."NormalizedUserName", a."PasswordHash", a."PhoneNumber", a."PhoneNumberConfirmed", a."SecurityStamp", a."TwoFactorEnabled", a."UserName"
FROM "AspNetUsers" AS a
WHERE a."Email" = @__email_0
LIMIT 2
2026-04-26 15:47:37.1002|INFO|Microsoft.EntityFrameworkCore.Database.Command|Executed DbCommand (3ms) [Parameters=[@__email_0='?'], CommandType='Text', CommandTimeout='30']
SELECT a."Id", a."AccessFailedCount", a."ConcurrencyStamp", a."DisplayName", a."Email", a."EmailConfirmed", a."LockoutEnabled", a."LockoutEnd", a."NormalizedEmail", a."NormalizedUserName", a."PasswordHash", a."PhoneNumber", a."PhoneNumberConfirmed", a."SecurityStamp", a."TwoFactorEnabled", a."UserName"
FROM "AspNetUsers" AS a
WHERE a."Email" = @__email_0
LIMIT 2
2026-04-26 15:47:37.1113|INFO|Microsoft.EntityFrameworkCore.Infrastructure|Entity Framework Core 5.0.3 initialized 'AppIdentityDbContext' using provider 'Npgsql.EntityFrameworkCore.PostgreSQL' with options: None
2026-04-26 15:47:37.1113|INFO|Microsoft.EntityFrameworkCore.Infrastructure|Entity Framework Core 5.0.3 initialized 'AppIdentityDbContext' using provider 'Npgsql.EntityFrameworkCore.PostgreSQL' with options: None
2026-04-26 15:47:37.1113|INFO|Microsoft.EntityFrameworkCore.Database.Command|Executed DbCommand (2ms) [Parameters=[@__email_0='?'], CommandType='Text', CommandTimeout='30']
SELECT a."Id", a."AccessFailedCount", a."ConcurrencyStamp", a."DisplayName", a."Email", a."EmailConfirmed", a."LockoutEnabled", a."LockoutEnd", a."NormalizedEmail", a."NormalizedUserName", a."PasswordHash", a."PhoneNumber", a."PhoneNumberConfirmed", a."SecurityStamp", a."TwoFactorEnabled", a."UserName"
FROM "AspNetUsers" AS a
WHERE a."Email" = @__email_0
LIMIT 2
2026-04-26 15:47:37.1113|INFO|Microsoft.EntityFrameworkCore.Database.Command|Executed DbCommand (2ms) [Parameters=[@__email_0='?'], CommandType='Text', CommandTimeout='30']
SELECT a."Id", a."AccessFailedCount", a."ConcurrencyStamp", a."DisplayName", a."Email", a."EmailConfirmed", a."LockoutEnabled", a."LockoutEnd", a."NormalizedEmail", a."NormalizedUserName", a."PasswordHash", a."PhoneNumber", a."PhoneNumberConfirmed", a."SecurityStamp", a."TwoFactorEnabled", a."UserName"
FROM "AspNetUsers" AS a
WHERE a."Email" = @__email_0
LIMIT 2
2026-04-26 15:47:52.6115|INFO|Infrastructure.Services.AiChatService|AI chat intent for question "show me nike products" => preferredSourceType=product, maximumPrice=none
2026-04-26 15:47:54.2254|INFO|Infrastructure.Services.AiChatService|AI chat retrieval for question "show me nike products" => topScore=0.59854966, scores=[0.599, 0.597, 0.597, 0.595, 0.588], titles=[Angular Blue Boots, Green React Gloves, Core Red Boots, Core Purple Boots, Green Code Gloves]
2026-04-26 15:48:10.6246|INFO|Infrastructure.Services.AiChatService|AI chat intent for question "show me nike products" => preferredSourceType=product, maximumPrice=none
2026-04-26 15:48:11.3964|INFO|Infrastructure.Services.AiChatService|AI chat retrieval for question "show me nike products" => topScore=0.59854966, scores=[0.599, 0.597, 0.597, 0.595, 0.588], titles=[Angular Blue Boots, Green React Gloves, Core Red Boots, Core Purple Boots, Green Code Gloves]
2026-04-26 17:39:46.3227|INFO|Microsoft.EntityFrameworkCore.Infrastructure|Entity Framework Core 5.0.3 initialized 'AppIdentityDbContext' using provider 'Npgsql.EntityFrameworkCore.PostgreSQL' with options: None
2026-04-26 17:39:46.3227|INFO|Microsoft.EntityFrameworkCore.Infrastructure|Entity Framework Core 5.0.3 initialized 'AppIdentityDbContext' using provider 'Npgsql.EntityFrameworkCore.PostgreSQL' with options: None
2026-04-26 17:39:46.3521|INFO|Microsoft.EntityFrameworkCore.Database.Command|Executed DbCommand (5ms) [Parameters=[@__email_0='?'], CommandType='Text', CommandTimeout='30']
SELECT a."Id", a."AccessFailedCount", a."ConcurrencyStamp", a."DisplayName", a."Email", a."EmailConfirmed", a."LockoutEnabled", a."LockoutEnd", a."NormalizedEmail", a."NormalizedUserName", a."PasswordHash", a."PhoneNumber", a."PhoneNumberConfirmed", a."SecurityStamp", a."TwoFactorEnabled", a."UserName"
FROM "AspNetUsers" AS a
WHERE a."Email" = @__email_0
LIMIT 2
2026-04-26 17:39:46.3521|INFO|Microsoft.EntityFrameworkCore.Database.Command|Executed DbCommand (5ms) [Parameters=[@__email_0='?'], CommandType='Text', CommandTimeout='30']
SELECT a."Id", a."AccessFailedCount", a."ConcurrencyStamp", a."DisplayName", a."Email", a."EmailConfirmed", a."LockoutEnabled", a."LockoutEnd", a."NormalizedEmail", a."NormalizedUserName", a."PasswordHash", a."PhoneNumber", a."PhoneNumberConfirmed", a."SecurityStamp", a."TwoFactorEnabled", a."UserName"
FROM "AspNetUsers" AS a
WHERE a."Email" = @__email_0
LIMIT 2
2026-04-26 17:59:29.5288|INFO|Infrastructure.Services.AiChatService|AI chat intent for question "show me boots" => preferredSourceType=product, maximumPrice=none
2026-04-26 17:59:31.0575|INFO|Infrastructure.Services.AiChatService|AI chat retrieval for question "show me boots" => topScore=0.63470566, scores=[0.635, 0.627, 0.619, 0.619, 0.608], titles=[Angular Blue Boots, Core Red Boots, Redis Red Boots, Angular Purple Boots, Core Purple Boots]
2026-04-26 18:04:58.0685|INFO|API.Program|Skipping automatic database migration and seeding at startup. Use --migrate or RUN_MIGRATIONS=true to enable.
2026-04-26 18:04:58.3824|INFO|Microsoft.Hosting.Lifetime|Now listening on: https://localhost:5001
2026-04-26 18:04:58.3824|INFO|Microsoft.Hosting.Lifetime|Now listening on: https://localhost:5001
2026-04-26 18:04:58.3882|INFO|Microsoft.Hosting.Lifetime|Now listening on: http://localhost:5000
2026-04-26 18:04:58.3882|INFO|Microsoft.Hosting.Lifetime|Now listening on: http://localhost:5000
2026-04-26 18:04:58.3882|INFO|Microsoft.Hosting.Lifetime|Application started. Press Ctrl+C to shut down.
2026-04-26 18:04:58.3882|INFO|Microsoft.Hosting.Lifetime|Application started. Press Ctrl+C to shut down.
2026-04-26 18:04:58.3882|INFO|Microsoft.Hosting.Lifetime|Hosting environment: Development
2026-04-26 18:04:58.3882|INFO|Microsoft.Hosting.Lifetime|Hosting environment: Development
2026-04-26 18:04:58.3882|INFO|Microsoft.Hosting.Lifetime|Content root path: C:\eCOM-AI\eCOM-AI\api
2026-04-26 18:04:58.3882|INFO|Microsoft.Hosting.Lifetime|Content root path: C:\eCOM-AI\eCOM-AI\api
2026-04-26 18:05:38.8369|INFO|API.Program|Skipping automatic database migration and seeding at startup. Use --migrate or RUN_MIGRATIONS=true to enable.
2026-04-26 18:05:39.1775|INFO|Microsoft.Hosting.Lifetime|Now listening on: https://localhost:5001
2026-04-26 18:05:39.1775|INFO|Microsoft.Hosting.Lifetime|Now listening on: https://localhost:5001
2026-04-26 18:05:39.1839|INFO|Microsoft.Hosting.Lifetime|Now listening on: http://localhost:5000
2026-04-26 18:05:39.1839|INFO|Microsoft.Hosting.Lifetime|Now listening on: http://localhost:5000
2026-04-26 18:05:39.1839|INFO|Microsoft.Hosting.Lifetime|Application started. Press Ctrl+C to shut down.
2026-04-26 18:05:39.1839|INFO|Microsoft.Hosting.Lifetime|Application started. Press Ctrl+C to shut down.
2026-04-26 18:05:39.1839|INFO|Microsoft.Hosting.Lifetime|Hosting environment: Development
2026-04-26 18:05:39.1839|INFO|Microsoft.Hosting.Lifetime|Hosting environment: Development
2026-04-26 18:05:39.1839|INFO|Microsoft.Hosting.Lifetime|Content root path: C:\eCOM-AI\eCOM-AI\api
2026-04-26 18:05:39.1839|INFO|Microsoft.Hosting.Lifetime|Content root path: C:\eCOM-AI\eCOM-AI\api
2026-04-26 18:05:43.2059|INFO|API.Program|Skipping automatic database migration and seeding at startup. Use --migrate or RUN_MIGRATIONS=true to enable.
2026-04-26 18:05:43.4816|INFO|Microsoft.Hosting.Lifetime|Now listening on: https://localhost:5001
2026-04-26 18:05:43.4816|INFO|Microsoft.Hosting.Lifetime|Now listening on: https://localhost:5001
2026-04-26 18:05:43.4861|INFO|Microsoft.Hosting.Lifetime|Now listening on: http://localhost:5000
2026-04-26 18:05:43.4861|INFO|Microsoft.Hosting.Lifetime|Now listening on: http://localhost:5000
2026-04-26 18:05:43.4861|INFO|Microsoft.Hosting.Lifetime|Application started. Press Ctrl+C to shut down.
2026-04-26 18:05:43.4861|INFO|Microsoft.Hosting.Lifetime|Application started. Press Ctrl+C to shut down.
2026-04-26 18:05:43.4861|INFO|Microsoft.Hosting.Lifetime|Hosting environment: Development
2026-04-26 18:05:43.4861|INFO|Microsoft.Hosting.Lifetime|Hosting environment: Development
2026-04-26 18:05:43.4861|INFO|Microsoft.Hosting.Lifetime|Content root path: C:\eCOM-AI\eCOM-AI\api
2026-04-26 18:05:43.4861|INFO|Microsoft.Hosting.Lifetime|Content root path: C:\eCOM-AI\eCOM-AI\api
2026-04-26 18:06:13.2837|INFO|API.Program|Skipping automatic database migration and seeding at startup. Use --migrate or RUN_MIGRATIONS=true to enable.
2026-04-26 18:06:13.5571|INFO|Microsoft.Hosting.Lifetime|Now listening on: https://localhost:5001
2026-04-26 18:06:13.5571|INFO|Microsoft.Hosting.Lifetime|Now listening on: https://localhost:5001
2026-04-26 18:06:13.5624|INFO|Microsoft.Hosting.Lifetime|Now listening on: http://localhost:5000
2026-04-26 18:06:13.5624|INFO|Microsoft.Hosting.Lifetime|Now listening on: http://localhost:5000
2026-04-26 18:06:13.5624|INFO|Microsoft.Hosting.Lifetime|Application started. Press Ctrl+C to shut down.
2026-04-26 18:06:13.5624|INFO|Microsoft.Hosting.Lifetime|Application started. Press Ctrl+C to shut down.
2026-04-26 18:06:13.5624|INFO|Microsoft.Hosting.Lifetime|Hosting environment: Development
2026-04-26 18:06:13.5624|INFO|Microsoft.Hosting.Lifetime|Hosting environment: Development
2026-04-26 18:06:13.5624|INFO|Microsoft.Hosting.Lifetime|Content root path: C:\eCOM-AI\eCOM-AI\api
2026-04-26 18:06:13.5624|INFO|Microsoft.Hosting.Lifetime|Content root path: C:\eCOM-AI\eCOM-AI\api
2026-04-26 18:06:19.9603|INFO|API.Program|Skipping automatic database migration and seeding at startup. Use --migrate or RUN_MIGRATIONS=true to enable.
2026-04-26 18:06:20.2557|INFO|Microsoft.Hosting.Lifetime|Now listening on: https://localhost:5001
2026-04-26 18:06:20.2557|INFO|Microsoft.Hosting.Lifetime|Now listening on: https://localhost:5001
2026-04-26 18:06:20.2608|INFO|Microsoft.Hosting.Lifetime|Now listening on: http://localhost:5000
2026-04-26 18:06:20.2608|INFO|Microsoft.Hosting.Lifetime|Now listening on: http://localhost:5000
2026-04-26 18:06:20.2608|INFO|Microsoft.Hosting.Lifetime|Application started. Press Ctrl+C to shut down.
2026-04-26 18:06:20.2608|INFO|Microsoft.Hosting.Lifetime|Application started. Press Ctrl+C to shut down.
2026-04-26 18:06:20.2608|INFO|Microsoft.Hosting.Lifetime|Hosting environment: Development
2026-04-26 18:06:20.2608|INFO|Microsoft.Hosting.Lifetime|Hosting environment: Development
2026-04-26 18:06:20.2608|INFO|Microsoft.Hosting.Lifetime|Content root path: C:\eCOM-AI\eCOM-AI\api
2026-04-26 18:06:20.2608|INFO|Microsoft.Hosting.Lifetime|Content root path: C:\eCOM-AI\eCOM-AI\api
2026-04-26 18:08:22.9131|INFO|API.Program|Skipping automatic database migration and seeding at startup. Use --migrate or RUN_MIGRATIONS=true to enable.
2026-04-26 18:08:23.3038|INFO|Microsoft.Hosting.Lifetime|Now listening on: https://localhost:5001
2026-04-26 18:08:23.3038|INFO|Microsoft.Hosting.Lifetime|Now listening on: https://localhost:5001
2026-04-26 18:08:23.3118|INFO|Microsoft.Hosting.Lifetime|Now listening on: http://localhost:5000
2026-04-26 18:08:23.3118|INFO|Microsoft.Hosting.Lifetime|Now listening on: http://localhost:5000
2026-04-26 18:08:23.3118|INFO|Microsoft.Hosting.Lifetime|Application started. Press Ctrl+C to shut down.
2026-04-26 18:08:23.3118|INFO|Microsoft.Hosting.Lifetime|Application started. Press Ctrl+C to shut down.
2026-04-26 18:08:23.3118|INFO|Microsoft.Hosting.Lifetime|Hosting environment: Development
2026-04-26 18:08:23.3118|INFO|Microsoft.Hosting.Lifetime|Hosting environment: Development
2026-04-26 18:08:23.3118|INFO|Microsoft.Hosting.Lifetime|Content root path: C:\eCOM-AI\eCOM-AI\api
2026-04-26 18:08:23.3118|INFO|Microsoft.Hosting.Lifetime|Content root path: C:\eCOM-AI\eCOM-AI\api
2026-04-26 18:09:04.2582|INFO|Infrastructure.Services.AiChatService|AI chat intent for question "show me hats" => preferredSourceType=product, maximumPrice=none
2026-04-26 18:09:05.1517|INFO|Infrastructure.Services.AiChatService|AI chat retrieval for question "show me hats" => topScore=0.6320241, scores=[0.632, 0.631, 0.611, 0.566, 0.561], titles=[Green React Woolen Hat, Purple React Woolen Hat, Core Blue Hat, Redis Red Boots, Green React Gloves]
2026-04-26 20:11:05.3440|INFO|Microsoft.EntityFrameworkCore.Infrastructure|Entity Framework Core 5.0.3 initialized 'AppIdentityDbContext' using provider 'Npgsql.EntityFrameworkCore.PostgreSQL' with options: None
2026-04-26 20:11:05.3440|INFO|Microsoft.EntityFrameworkCore.Infrastructure|Entity Framework Core 5.0.3 initialized 'AppIdentityDbContext' using provider 'Npgsql.EntityFrameworkCore.PostgreSQL' with options: None
2026-04-26 20:11:06.2204|INFO|Microsoft.EntityFrameworkCore.Database.Command|Executed DbCommand (15ms) [Parameters=[@__email_0='?'], CommandType='Text', CommandTimeout='30']
SELECT a."Id", a."AccessFailedCount", a."ConcurrencyStamp", a."DisplayName", a."Email", a."EmailConfirmed", a."LockoutEnabled", a."LockoutEnd", a."NormalizedEmail", a."NormalizedUserName", a."PasswordHash", a."PhoneNumber", a."PhoneNumberConfirmed", a."SecurityStamp", a."TwoFactorEnabled", a."UserName"
FROM "AspNetUsers" AS a
WHERE a."Email" = @__email_0
LIMIT 2
2026-04-26 20:11:06.2204|INFO|Microsoft.EntityFrameworkCore.Database.Command|Executed DbCommand (15ms) [Parameters=[@__email_0='?'], CommandType='Text', CommandTimeout='30']
SELECT a."Id", a."AccessFailedCount", a."ConcurrencyStamp", a."DisplayName", a."Email", a."EmailConfirmed", a."LockoutEnabled", a."LockoutEnd", a."NormalizedEmail", a."NormalizedUserName", a."PasswordHash", a."PhoneNumber", a."PhoneNumberConfirmed", a."SecurityStamp", a."TwoFactorEnabled", a."UserName"
FROM "AspNetUsers" AS a
WHERE a."Email" = @__email_0
LIMIT 2
2026-04-26 23:13:32.2598|INFO|Microsoft.EntityFrameworkCore.Infrastructure|Entity Framework Core 5.0.3 initialized 'AppIdentityDbContext' using provider 'Npgsql.EntityFrameworkCore.PostgreSQL' with options: None
2026-04-26 23:13:32.2598|INFO|Microsoft.EntityFrameworkCore.Infrastructure|Entity Framework Core 5.0.3 initialized 'AppIdentityDbContext' using provider 'Npgsql.EntityFrameworkCore.PostgreSQL' with options: None
2026-04-26 23:13:32.3571|INFO|Microsoft.EntityFrameworkCore.Database.Command|Executed DbCommand (2ms) [Parameters=[@__email_0='?'], CommandType='Text', CommandTimeout='30']
SELECT a."Id", a."AccessFailedCount", a."ConcurrencyStamp", a."DisplayName", a."Email", a."EmailConfirmed", a."LockoutEnabled", a."LockoutEnd", a."NormalizedEmail", a."NormalizedUserName", a."PasswordHash", a."PhoneNumber", a."PhoneNumberConfirmed", a."SecurityStamp", a."TwoFactorEnabled", a."UserName"
FROM "AspNetUsers" AS a
WHERE a."Email" = @__email_0
LIMIT 2
2026-04-26 23:13:32.3571|INFO|Microsoft.EntityFrameworkCore.Database.Command|Executed DbCommand (2ms) [Parameters=[@__email_0='?'], CommandType='Text', CommandTimeout='30']
SELECT a."Id", a."AccessFailedCount", a."ConcurrencyStamp", a."DisplayName", a."Email", a."EmailConfirmed", a."LockoutEnabled", a."LockoutEnd", a."NormalizedEmail", a."NormalizedUserName", a."PasswordHash", a."PhoneNumber", a."PhoneNumberConfirmed", a."SecurityStamp", a."TwoFactorEnabled", a."UserName"
FROM "AspNetUsers" AS a
WHERE a."Email" = @__email_0
LIMIT 2
2026-04-26 23:30:43.6661|INFO|Microsoft.EntityFrameworkCore.Infrastructure|Entity Framework Core 5.0.3 initialized 'AppIdentityDbContext' using provider 'Npgsql.EntityFrameworkCore.PostgreSQL' with options: None
2026-04-26 23:30:43.6661|INFO|Microsoft.EntityFrameworkCore.Infrastructure|Entity Framework Core 5.0.3 initialized 'AppIdentityDbContext' using provider 'Npgsql.EntityFrameworkCore.PostgreSQL' with options: None
2026-04-26 23:30:43.6906|INFO|Microsoft.EntityFrameworkCore.Database.Command|Executed DbCommand (4ms) [Parameters=[@__email_0='?'], CommandType='Text', CommandTimeout='30']
SELECT a."Id", a."AccessFailedCount", a."ConcurrencyStamp", a."DisplayName", a."Email", a."EmailConfirmed", a."LockoutEnabled", a."LockoutEnd", a."NormalizedEmail", a."NormalizedUserName", a."PasswordHash", a."PhoneNumber", a."PhoneNumberConfirmed", a."SecurityStamp", a."TwoFactorEnabled", a."UserName"
FROM "AspNetUsers" AS a
WHERE a."Email" = @__email_0
LIMIT 2
2026-04-26 23:30:43.6906|INFO|Microsoft.EntityFrameworkCore.Database.Command|Executed DbCommand (4ms) [Parameters=[@__email_0='?'], CommandType='Text', CommandTimeout='30']
SELECT a."Id", a."AccessFailedCount", a."ConcurrencyStamp", a."DisplayName", a."Email", a."EmailConfirmed", a."LockoutEnabled", a."LockoutEnd", a."NormalizedEmail", a."NormalizedUserName", a."PasswordHash", a."PhoneNumber", a."PhoneNumberConfirmed", a."SecurityStamp", a."TwoFactorEnabled", a."UserName"
FROM "AspNetUsers" AS a
WHERE a."Email" = @__email_0
LIMIT 2
2026-04-26 23:38:45.6321|INFO|Microsoft.EntityFrameworkCore.Infrastructure|Entity Framework Core 5.0.3 initialized 'AppIdentityDbContext' using provider 'Npgsql.EntityFrameworkCore.PostgreSQL' with options: None
2026-04-26 23:38:45.6321|INFO|Microsoft.EntityFrameworkCore.Infrastructure|Entity Framework Core 5.0.3 initialized 'AppIdentityDbContext' using provider 'Npgsql.EntityFrameworkCore.PostgreSQL' with options: None
2026-04-26 23:38:45.6544|INFO|Microsoft.EntityFrameworkCore.Database.Command|Executed DbCommand (4ms) [Parameters=[@__email_0='?'], CommandType='Text', CommandTimeout='30']
SELECT a."Id", a."AccessFailedCount", a."ConcurrencyStamp", a."DisplayName", a."Email", a."EmailConfirmed", a."LockoutEnabled", a."LockoutEnd", a."NormalizedEmail", a."NormalizedUserName", a."PasswordHash", a."PhoneNumber", a."PhoneNumberConfirmed", a."SecurityStamp", a."TwoFactorEnabled", a."UserName"
FROM "AspNetUsers" AS a
WHERE a."Email" = @__email_0
LIMIT 2
2026-04-26 23:38:45.6544|INFO|Microsoft.EntityFrameworkCore.Database.Command|Executed DbCommand (4ms) [Parameters=[@__email_0='?'], CommandType='Text', CommandTimeout='30']
SELECT a."Id", a."AccessFailedCount", a."ConcurrencyStamp", a."DisplayName", a."Email", a."EmailConfirmed", a."LockoutEnabled", a."LockoutEnd", a."NormalizedEmail", a."NormalizedUserName", a."PasswordHash", a."PhoneNumber", a."PhoneNumberConfirmed", a."SecurityStamp", a."TwoFactorEnabled", a."UserName"
FROM "AspNetUsers" AS a
WHERE a."Email" = @__email_0
LIMIT 2
2026-04-26 23:40:11.4486|INFO|Microsoft.EntityFrameworkCore.Infrastructure|Entity Framework Core 5.0.3 initialized 'StoreContext' using provider 'Npgsql.EntityFrameworkCore.PostgreSQL' with options: None
2026-04-26 23:40:11.4486|INFO|Microsoft.EntityFrameworkCore.Infrastructure|Entity Framework Core 5.0.3 initialized 'StoreContext' using provider 'Npgsql.EntityFrameworkCore.PostgreSQL' with options: None
2026-04-26 23:40:11.5105|INFO|Microsoft.EntityFrameworkCore.Database.Command|Executed DbCommand (2ms) [Parameters=[], CommandType='Text', CommandTimeout='30']
SELECT p."Id", p."Name"
FROM "ProductTypes" AS p
ORDER BY p."Name"
2026-04-26 23:40:11.5105|INFO|Microsoft.EntityFrameworkCore.Database.Command|Executed DbCommand (2ms) [Parameters=[], CommandType='Text', CommandTimeout='30']
SELECT p."Id", p."Name"
FROM "ProductTypes" AS p
ORDER BY p."Name"
2026-04-26 23:40:23.2551|INFO|Microsoft.EntityFrameworkCore.Infrastructure|Entity Framework Core 5.0.3 initialized 'StoreContext' using provider 'Npgsql.EntityFrameworkCore.PostgreSQL' with options: None
2026-04-26 23:40:23.2551|INFO|Microsoft.EntityFrameworkCore.Infrastructure|Entity Framework Core 5.0.3 initialized 'StoreContext' using provider 'Npgsql.EntityFrameworkCore.PostgreSQL' with options: None
2026-04-26 23:40:23.2972|INFO|Microsoft.EntityFrameworkCore.Database.Command|Executed DbCommand (3ms) [Parameters=[], CommandType='Text', CommandTimeout='30']
SELECT COUNT(*)::INT
FROM "Products" AS p
2026-04-26 23:40:23.2972|INFO|Microsoft.EntityFrameworkCore.Database.Command|Executed DbCommand (3ms) [Parameters=[], CommandType='Text', CommandTimeout='30']
SELECT COUNT(*)::INT
FROM "Products" AS p
2026-04-26 23:40:23.3690|INFO|Microsoft.EntityFrameworkCore.Database.Command|Executed DbCommand (4ms) [Parameters=[@__p_1='?' (DbType = Int32), @__p_0='?' (DbType = Int32)], CommandType='Text', CommandTimeout='30']
SELECT t."Id", t."Description", t."Name", t."PictureUrl", t."Price", t."ProductBrandId", t."ProductTypeId", p0."Id", p0."Name", p1."Id", p1."Name"
FROM (
    SELECT p."Id", p."Description", p."Name", p."PictureUrl", p."Price", p."ProductBrandId", p."ProductTypeId"
    FROM "Products" AS p
    ORDER BY p."Name"
    LIMIT @__p_1 OFFSET @__p_0
) AS t
INNER JOIN "ProductBrands" AS p0 ON t."ProductBrandId" = p0."Id"
INNER JOIN "ProductTypes" AS p1 ON t."ProductTypeId" = p1."Id"
ORDER BY t."Name"
2026-04-26 23:40:23.3690|INFO|Microsoft.EntityFrameworkCore.Database.Command|Executed DbCommand (4ms) [Parameters=[@__p_1='?' (DbType = Int32), @__p_0='?' (DbType = Int32)], CommandType='Text', CommandTimeout='30']
SELECT t."Id", t."Description", t."Name", t."PictureUrl", t."Price", t."ProductBrandId", t."ProductTypeId", p0."Id", p0."Name", p1."Id", p1."Name"
FROM (
    SELECT p."Id", p."Description", p."Name", p."PictureUrl", p."Price", p."ProductBrandId", p."ProductTypeId"
    FROM "Products" AS p
    ORDER BY p."Name"
    LIMIT @__p_1 OFFSET @__p_0
) AS t
INNER JOIN "ProductBrands" AS p0 ON t."ProductBrandId" = p0."Id"
INNER JOIN "ProductTypes" AS p1 ON t."ProductTypeId" = p1."Id"
ORDER BY t."Name"
2026-04-26 23:42:14.9087|INFO|Infrastructure.Services.AiChatService|AI chat intent for question "show me hat" => preferredSourceType=product, maximumPrice=none
2026-04-26 23:42:16.4138|INFO|Infrastructure.Services.AiChatService|AI chat retrieval for question "show me hat" => topScore=0.6258981, scores=[0.626, 0.621, 0.607, 0.562, 0.562], titles=[Green React Woolen Hat, Purple React Woolen Hat, Core Blue Hat, Green React Gloves, React Board Super Whizzy Fast]
2026-04-26 23:47:17.0389|INFO|API.Program|Skipping automatic database migration and seeding at startup. Use --migrate or RUN_MIGRATIONS=true to enable.
2026-04-26 23:47:17.3204|INFO|Microsoft.Hosting.Lifetime|Now listening on: https://localhost:5001
2026-04-26 23:47:17.3204|INFO|Microsoft.Hosting.Lifetime|Now listening on: https://localhost:5001
2026-04-26 23:47:17.3269|INFO|Microsoft.Hosting.Lifetime|Now listening on: http://localhost:5000
2026-04-26 23:47:17.3269|INFO|Microsoft.Hosting.Lifetime|Now listening on: http://localhost:5000
2026-04-26 23:47:17.3269|INFO|Microsoft.Hosting.Lifetime|Application started. Press Ctrl+C to shut down.
2026-04-26 23:47:17.3269|INFO|Microsoft.Hosting.Lifetime|Application started. Press Ctrl+C to shut down.
2026-04-26 23:47:17.3269|INFO|Microsoft.Hosting.Lifetime|Hosting environment: Development
2026-04-26 23:47:17.3269|INFO|Microsoft.Hosting.Lifetime|Hosting environment: Development
2026-04-26 23:47:17.3269|INFO|Microsoft.Hosting.Lifetime|Content root path: C:\eCOM-AI\eCOM-AI\api
2026-04-26 23:47:17.3269|INFO|Microsoft.Hosting.Lifetime|Content root path: C:\eCOM-AI\eCOM-AI\api
2026-04-26 23:59:44.3873|INFO|Microsoft.EntityFrameworkCore.Infrastructure|Entity Framework Core 5.0.3 initialized 'AppIdentityDbContext' using provider 'Npgsql.EntityFrameworkCore.PostgreSQL' with options: None
2026-04-26 23:59:44.3873|INFO|Microsoft.EntityFrameworkCore.Infrastructure|Entity Framework Core 5.0.3 initialized 'AppIdentityDbContext' using provider 'Npgsql.EntityFrameworkCore.PostgreSQL' with options: None
2026-04-26 23:59:44.9301|INFO|Microsoft.EntityFrameworkCore.Database.Command|Executed DbCommand (10ms) [Parameters=[@__email_0='?'], CommandType='Text', CommandTimeout='30']
SELECT a."Id", a."AccessFailedCount", a."ConcurrencyStamp", a."DisplayName", a."Email", a."EmailConfirmed", a."LockoutEnabled", a."LockoutEnd", a."NormalizedEmail", a."NormalizedUserName", a."PasswordHash", a."PhoneNumber", a."PhoneNumberConfirmed", a."SecurityStamp", a."TwoFactorEnabled", a."UserName"
FROM "AspNetUsers" AS a
WHERE a."Email" = @__email_0
LIMIT 2
2026-04-26 23:59:44.9301|INFO|Microsoft.EntityFrameworkCore.Database.Command|Executed DbCommand (10ms) [Parameters=[@__email_0='?'], CommandType='Text', CommandTimeout='30']
SELECT a."Id", a."AccessFailedCount", a."ConcurrencyStamp", a."DisplayName", a."Email", a."EmailConfirmed", a."LockoutEnabled", a."LockoutEnd", a."NormalizedEmail", a."NormalizedUserName", a."PasswordHash", a."PhoneNumber", a."PhoneNumberConfirmed", a."SecurityStamp", a."TwoFactorEnabled", a."UserName"
FROM "AspNetUsers" AS a
WHERE a."Email" = @__email_0
LIMIT 2
